<?xml version="1.0" encoding="UTF-8"?>
<!-- Generated by org.testng.reporters.JUnitXMLReporter -->
<testsuite ignored="0" hostname="LAPTOP-T8FKKRQ2" failures="0" tests="3" name="ChromeTest" time="10.703" errors="0" timestamp="2024-08-01T19:55:32 IST">
  <testcase classname="TestNg.Parameter_XML_Test" name="testLogo" time="0.037"/>
  <testcase classname="TestNg.Parameter_XML_Test" name="testTitle" time="0.007"/>
  <testcase classname="TestNg.Parameter_XML_Test" name="testURL" time="0.007"/>
</testsuite> <!-- ChromeTest -->
