<?xml version="1.0" encoding="UTF-8"?>
<!-- Generated by org.testng.reporters.JUnitXMLReporter -->
<testsuite ignored="0" hostname="LAPTOP-T8FKKRQ2" failures="0" tests="3" name="EdgeTest" time="12.762" errors="0" timestamp="2024-08-01T19:55:34 IST">
  <testcase classname="TestNg.Parameter_XML_Test" name="testLogo" time="0.103"/>
  <testcase classname="TestNg.Parameter_XML_Test" name="testTitle" time="0.013"/>
  <testcase classname="TestNg.Parameter_XML_Test" name="testURL" time="0.015"/>
</testsuite> <!-- EdgeTest -->
