<?xml version="1.0" encoding="UTF-8"?>
<!-- Generated by org.testng.reporters.JUnitXMLReporter -->
<testsuite ignored="0" hostname="LAPTOP-T8FKKRQ2" failures="1" tests="3" name="Test" time="13.209" errors="0" timestamp="2024-08-03T19:59:25 IST">
  <testcase classname="TestNG_Listener.MyTest" name="testLogo" time="0.039"/>
  <testcase classname="TestNG_Listener.MyTest" name="testTitle" time="0.01">
    <failure type="java.lang.AssertionError" message="expected [OrangeHR] but found [OrangeHRM]">
      <![CDATA[java.lang.AssertionError: expected [OrangeHR] but found [OrangeHRM]
at TestNG_Listener.MyTest.testTitle(MyTest.java:32)
at java.base/java.util.ArrayList.forEach(ArrayList.java:1511)
... Removed 33 stack frames]]>
    </failure>
  </testcase> <!-- testTitle -->
  <testcase classname="TestNG_Listener.MyTest" name="testURL" time="0.0">
    <skipped/>
  </testcase> <!-- testURL -->
</testsuite> <!-- Test -->
