<?xml version="1.0" encoding="UTF-8"?>
<!-- Generated by org.testng.reporters.JUnitXMLReporter -->
<testsuite ignored="4" hostname="LAPTOP-T8FKKRQ2" failures="0" tests="2" name="Test" time="0.039" errors="0" timestamp="2024-07-25T21:41:41 IST">
  <testcase classname="TestNg.Groups_demo" name="m5" time="0.005"/>
  <testcase classname="TestNg.Groups_demo" name="m6" time="0.0"/>
  <testcase classname="TestNg.Groups_demo" name="m3" time="0.0">
    <ignored/>
  </testcase> <!-- m3 -->
  <testcase classname="TestNg.Groups_demo" name="m2" time="0.0">
    <ignored/>
  </testcase> <!-- m2 -->
  <testcase classname="TestNg.Groups_demo" name="m1" time="0.0">
    <ignored/>
  </testcase> <!-- m1 -->
  <testcase classname="TestNg.Groups_demo" name="m4" time="0.0">
    <ignored/>
  </testcase> <!-- m4 -->
</testsuite> <!-- Test -->
