<?xml version="1.0" encoding="UTF-8"?>
<testng-results ignored="0" total="2" passed="2" failed="0" skipped="0">
  <reporter-output>
  </reporter-output>
  <suite started-at="2024-08-04T22:44:37 IST" name="Tets" finished-at="2024-08-04T22:44:45 IST" duration-ms="8849">
    <groups>
    </groups>
    <test started-at="2024-08-04T22:44:37 IST" name="Login Test" finished-at="2024-08-04T22:44:45 IST" duration-ms="8849">
      <class name="PageObjectModel.LoginTest">
        <test-method is-config="true" signature="setUp()[pri:0, instance:PageObjectModel.LoginTest@5d0a1059]" started-at="2024-08-04T22:44:37 IST" name="setUp" finished-at="2024-08-04T22:44:43 IST" duration-ms="6509" status="PASS">
          <reporter-output>
          </reporter-output>
        </test-method> <!-- setUp -->
        <test-method signature="LogInTest()[pri:0, instance:PageObjectModel.LoginTest@5d0a1059]" started-at="2024-08-04T22:44:43 IST" name="LogInTest" finished-at="2024-08-04T22:44:45 IST" duration-ms="1567" status="PASS">
          <reporter-output>
          </reporter-output>
        </test-method> <!-- LogInTest -->
        <test-method signature="LogInTest_PageFactory()[pri:0, instance:PageObjectModel.LoginTest@5d0a1059]" started-at="2024-08-04T22:44:45 IST" name="LogInTest_PageFactory" finished-at="2024-08-04T22:44:45 IST" duration-ms="556" status="PASS">
          <reporter-output>
          </reporter-output>
        </test-method> <!-- LogInTest_PageFactory -->
        <test-method is-config="true" signature="tearDown()[pri:0, instance:PageObjectModel.LoginTest@5d0a1059]" started-at="2024-08-04T22:44:45 IST" name="tearDown" finished-at="2024-08-04T22:44:45 IST" duration-ms="176" status="PASS">
          <reporter-output>
          </reporter-output>
        </test-method> <!-- tearDown -->
      </class> <!-- PageObjectModel.LoginTest -->
    </test> <!-- Login Test -->
  </suite> <!-- Tets -->
</testng-results>
