<?xml version="1.0" encoding="UTF-8"?>
<testng-results ignored="4" total="6" passed="2" failed="0" skipped="0">
  <reporter-output>
  </reporter-output>
  <suite started-at="2024-07-25T21:41:41 IST" name="Suite" finished-at="2024-07-25T21:41:41 IST" duration-ms="39">
    <groups>
      <group name="functional">
        <method signature="Groups_demo.m5()[pri:0, instance:TestNg.Groups_demo@28f3b248]" name="m5" class="TestNg.Groups_demo"/>
        <method signature="Groups_demo.m6()[pri:0, instance:TestNg.Groups_demo@28f3b248]" name="m6" class="TestNg.Groups_demo"/>
      </group> <!-- functional -->
      <group name="regression">
        <method signature="Groups_demo.m5()[pri:0, instance:TestNg.Groups_demo@28f3b248]" name="m5" class="TestNg.Groups_demo"/>
        <method signature="Groups_demo.m6()[pri:0, instance:TestNg.Groups_demo@28f3b248]" name="m6" class="TestNg.Groups_demo"/>
      </group> <!-- regression -->
      <group name="sanity">
        <method signature="Groups_demo.m5()[pri:0, instance:TestNg.Groups_demo@28f3b248]" name="m5" class="TestNg.Groups_demo"/>
        <method signature="Groups_demo.m6()[pri:0, instance:TestNg.Groups_demo@28f3b248]" name="m6" class="TestNg.Groups_demo"/>
      </group> <!-- sanity -->
    </groups>
    <test started-at="2024-07-25T21:41:41 IST" name="Test" finished-at="2024-07-25T21:41:41 IST" duration-ms="39">
      <class name="TestNg.Groups_demo">
        <test-method signature="m5()[pri:0, instance:TestNg.Groups_demo@28f3b248]" started-at="2024-07-25T21:41:41 IST" name="m5" finished-at="2024-07-25T21:41:41 IST" duration-ms="5" status="PASS">
          <reporter-output>
          </reporter-output>
        </test-method> <!-- m5 -->
        <test-method signature="m6()[pri:0, instance:TestNg.Groups_demo@28f3b248]" started-at="2024-07-25T21:41:41 IST" name="m6" finished-at="2024-07-25T21:41:41 IST" duration-ms="0" status="PASS">
          <reporter-output>
          </reporter-output>
        </test-method> <!-- m6 -->
      </class> <!-- TestNg.Groups_demo -->
    </test> <!-- Test -->
  </suite> <!-- Suite -->
</testng-results>
