<?xml version="1.0" encoding="UTF-8"?>
<!-- Generated by org.testng.reporters.JUnitReportReporter -->
<testsuite hostname="LAPTOP-T8FKKRQ2" failures="0" tests="3" name="TestNg.FirstTestNG_Class" time="0.007" errors="0" timestamp="2024-07-24T19:39:13 IST" skipped="0">
  <testcase classname="TestNg.FirstTestNG_Class" name="setUp" time="0.006"/>
  <system-out/>
  <testcase classname="TestNg.FirstTestNG_Class" name="test" time="0.000"/>
  <system-out/>
  <testcase classname="TestNg.FirstTestNG_Class" name="tearDown" time="0.001"/>
  <system-out/>
</testsuite> <!-- TestNg.FirstTestNG_Class -->
