<?xml version="1.0" encoding="UTF-8"?>
<!-- Generated by org.testng.reporters.JUnitReportReporter -->
<testsuite hostname="LAPTOP-T8FKKRQ2" failures="0" tests="2" name="TestNg.TestNG_annotation_3_Part2" time="0.002" errors="0" timestamp="2024-07-24T20:42:45 IST" skipped="0">
  <testcase classname="TestNg.TestNG_annotation_3_Part2" name="Test2" time="0.001"/>
  <system-out/>
  <testcase classname="TestNg.TestNG_annotation_3_Part2" name="Test2" time="0.001"/>
  <system-out/>
</testsuite> <!-- TestNg.TestNG_annotation_3_Part2 -->
