<?xml version="1.0" encoding="UTF-8"?>
<!-- Generated by org.testng.reporters.JUnitReportReporter -->
<testsuite hostname="LAPTOP-T8FKKRQ2" failures="0" tests="2" name="TestNg.TestNG_annotation" time="0.007" errors="0" timestamp="2024-07-24T20:05:23 IST" skipped="0">
  <testcase classname="TestNg.TestNG_annotation" name="search" time="0.003"/>
  <system-out/>
  <testcase classname="TestNg.TestNG_annotation" name="advSearch" time="0.004"/>
  <system-out/>
</testsuite> <!-- TestNg.TestNG_annotation -->
