<?xml version="1.0" encoding="UTF-8"?>
<!-- Generated by org.testng.reporters.JUnitReportReporter -->
<testsuite hostname="LAPTOP-T8FKKRQ2" failures="0" tests="9" name="TestNg.Parameter_XML_Test" time="0.221" errors="0" timestamp="2024-08-01T19:55:37 IST" skipped="0">
  <testcase classname="TestNg.Parameter_XML_Test" name="testLogo" time="0.030"/>
  <system-out/>
  <testcase classname="TestNg.Parameter_XML_Test" name="testLogo" time="0.037"/>
  <system-out/>
  <testcase classname="TestNg.Parameter_XML_Test" name="testLogo" time="0.103"/>
  <system-out/>
  <testcase classname="TestNg.Parameter_XML_Test" name="testTitle" time="0.007"/>
  <system-out/>
  <testcase classname="TestNg.Parameter_XML_Test" name="testTitle" time="0.005"/>
  <system-out/>
  <testcase classname="TestNg.Parameter_XML_Test" name="testTitle" time="0.013"/>
  <system-out/>
  <testcase classname="TestNg.Parameter_XML_Test" name="testURL" time="0.007"/>
  <system-out/>
  <testcase classname="TestNg.Parameter_XML_Test" name="testURL" time="0.004"/>
  <system-out/>
  <testcase classname="TestNg.Parameter_XML_Test" name="testURL" time="0.015"/>
  <system-out/>
</testsuite> <!-- TestNg.Parameter_XML_Test -->
