<?xml version="1.0" encoding="UTF-8"?>
<!-- Generated by org.testng.reporters.JUnitReportReporter -->
<testsuite hostname="LAPTOP-T8FKKRQ2" failures="0" tests="2" name="TestNg.TestNG_annotation_2" time="0.006" errors="0" timestamp="2024-07-24T20:13:03 IST" skipped="0">
  <testcase classname="TestNg.TestNG_annotation_2" name="search" time="0.005"/>
  <system-out/>
  <testcase classname="TestNg.TestNG_annotation_2" name="advSearch" time="0.001"/>
  <system-out/>
</testsuite> <!-- TestNg.TestNG_annotation_2 -->
