<?xml version="1.0" encoding="UTF-8"?>
<!-- Generated by org.testng.reporters.JUnitReportReporter -->
<testsuite hostname="LAPTOP-T8FKKRQ2" failures="0" tests="2" name="PageObjectModel.LoginTest" time="2.123" errors="0" timestamp="2024-08-04T22:44:46 IST" skipped="0">
  <testcase classname="PageObjectModel.LoginTest" name="LogInTest_PageFactory" time="0.556"/>
  <system-out/>
  <testcase classname="PageObjectModel.LoginTest" name="LogInTest" time="1.567"/>
  <system-out/>
</testsuite> <!-- PageObjectModel.LoginTest -->
